2015/11/01 01:35:54 INFO  - jmeter.util.JMeterUtils: Setting Locale to en_US 
2015/11/01 01:35:54 INFO  - jmeter.JMeter: Loading user properties from: C:\Users\Administrator\git\Service\App\jmeter\bin\user.properties 
2015/11/01 01:35:54 INFO  - jmeter.JMeter: Loading system properties from: C:\Users\Administrator\git\Service\App\jmeter\bin\system.properties 
2015/11/01 01:35:54 INFO  - jmeter.JMeter: Setting JMeter property: jmeter.save.saveservice.output_format=xml 
2015/11/01 01:35:54 INFO  - jmeter.JMeter: Setting JMeter property: jmeter.save.saveservice.assertion_results=all 
2015/11/01 01:35:54 INFO  - jmeter.JMeter: Setting JMeter property: jmeter.save.saveservice.bytes=true 
2015/11/01 01:35:54 INFO  - jmeter.JMeter: Setting JMeter property: file_format.testlog=2.1 
2015/11/01 01:35:54 INFO  - jmeter.JMeter: Setting JMeter property: jmeter.save.saveservice.response_data.on_error=false 
2015/11/01 01:35:54 INFO  - jmeter.JMeter: Copyright (c) 1998-2015 The Apache Software Foundation 
2015/11/01 01:35:54 INFO  - jmeter.JMeter: Version 2.13 r1665067 
2015/11/01 01:35:54 INFO  - jmeter.JMeter: java.version=1.7.0_80 
2015/11/01 01:35:54 INFO  - jmeter.JMeter: java.vm.name=Java HotSpot(TM) 64-Bit Server VM 
2015/11/01 01:35:54 INFO  - jmeter.JMeter: os.name=Windows Server 2012 R2 
2015/11/01 01:35:54 INFO  - jmeter.JMeter: os.arch=amd64 
2015/11/01 01:35:54 INFO  - jmeter.JMeter: os.version=6.3 
2015/11/01 01:35:54 INFO  - jmeter.JMeter: file.encoding=Cp1252 
2015/11/01 01:35:54 INFO  - jmeter.JMeter: Default Locale=English (United States) 
2015/11/01 01:35:54 INFO  - jmeter.JMeter: JMeter  Locale=English (United States) 
2015/11/01 01:35:54 INFO  - jmeter.JMeter: JMeterHome=C:\Users\Administrator\git\Service\App\jmeter 
2015/11/01 01:35:54 INFO  - jmeter.JMeter: user.dir  =C:\Users\Administrator\git\Service\App\jmeter\bin 
2015/11/01 01:35:54 INFO  - jmeter.JMeter: PWD       =C:\Users\Administrator\git\Service\App\jmeter\bin 
2015/11/01 01:35:54 INFO  - jmeter.JMeter: IP: 113.128.164.219 Name: scsbwin-999824 FullName: scsbwin-999824.ITTPA.EBIZ.VERIZON.COM 
2015/11/01 01:35:54 INFO  - jmeter.services.FileServer: Default base='C:\Users\Administrator\git\Service\App\jmeter\bin' 
2015/11/01 01:35:54 INFO  - jmeter.services.FileServer: Set new base='C:\Users\Administrator\git\Service\App' 
2015/11/01 01:35:55 INFO  - jmeter.save.SaveService: Testplan (JMX) version: 2.2. Testlog (JTL) version: 2.1 
2015/11/01 01:35:55 INFO  - jmeter.save.SaveService: Using SaveService properties file encoding UTF-8 
2015/11/01 01:35:55 INFO  - jmeter.save.SaveService: Using SaveService properties file version 1656252 
2015/11/01 01:35:55 INFO  - jmeter.save.SaveService: Using SaveService properties version 2.8 
2015/11/01 01:35:55 INFO  - jmeter.save.SaveService: All converter versions present and correct 
2015/11/01 01:35:55 INFO  - jmeter.save.SaveService: Loading file: C:\Users\Administrator\git\Service\App\Test.jmx 
2015/11/01 01:35:55 INFO  - jmeter.protocol.http.sampler.HTTPSamplerBase: Cannot find .className property for htmlParser, using default 
2015/11/01 01:35:55 INFO  - jmeter.protocol.http.sampler.HTTPSamplerBase: Parser for text/html is  
2015/11/01 01:35:55 INFO  - jmeter.protocol.http.sampler.HTTPSamplerBase: Parser for application/xhtml+xml is  
2015/11/01 01:35:55 INFO  - jmeter.protocol.http.sampler.HTTPSamplerBase: Parser for application/xml is  
2015/11/01 01:35:55 INFO  - jmeter.protocol.http.sampler.HTTPSamplerBase: Parser for text/xml is  
2015/11/01 01:35:55 INFO  - jmeter.protocol.http.sampler.HTTPSamplerBase: Parser for text/vnd.wap.wml is org.apache.jmeter.protocol.http.parser.RegexpHTMLParser 
2015/11/01 01:35:56 INFO  - jmeter.JMeter: Creating summariser <summary> 
2015/11/01 01:35:56 INFO  - jmeter.engine.StandardJMeterEngine: Listeners will be started after enabling running version 
2015/11/01 01:35:56 INFO  - jmeter.engine.StandardJMeterEngine: To revert to the earlier behaviour, define jmeterengine.startlistenerslater=false 
2015/11/01 01:35:56 INFO  - jmeter.engine.StandardJMeterEngine: Running the test! 
2015/11/01 01:35:56 INFO  - jmeter.samplers.SampleEvent: List of sample_variables: [] 
2015/11/01 01:35:56 INFO  - jmeter.samplers.SampleEvent: List of sample_variables: [] 
2015/11/01 01:35:56 INFO  - jmeter.engine.util.CompoundVariable: Note: Function class names must contain the string: '.functions.' 
2015/11/01 01:35:56 INFO  - jmeter.engine.util.CompoundVariable: Note: Function class names must not contain the string: '.gui.' 
2015/11/01 01:35:56 INFO  - jmeter.JMeter: Running test (1446370556267) 
2015/11/01 01:35:56 INFO  - jmeter.engine.StandardJMeterEngine: Starting ThreadGroup: 1 : Thread Group 
2015/11/01 01:35:56 INFO  - jmeter.engine.StandardJMeterEngine: Starting 30 threads for group Thread Group. 
2015/11/01 01:35:56 INFO  - jmeter.engine.StandardJMeterEngine: Thread will continue on error 
2015/11/01 01:35:56 INFO  - jmeter.threads.ThreadGroup: Starting thread group number 1 threads 30 ramp-up 5 perThread 166.66667 delayedStart=false 
2015/11/01 01:35:56 INFO  - jmeter.threads.JMeterThread: jmeterthread.startearlier=true (see jmeter.properties) 
2015/11/01 01:35:56 INFO  - jmeter.threads.JMeterThread: Running PostProcessors in forward order 
2015/11/01 01:35:56 INFO  - jmeter.threads.JMeterThread: Thread started: Thread Group 1-1 
2015/11/01 01:35:56 INFO  - jmeter.threads.ThreadGroup: Started thread group number 1 
2015/11/01 01:35:56 INFO  - jmeter.engine.StandardJMeterEngine: All thread groups have been started 
2015/11/01 01:35:56 INFO  - jmeter.protocol.http.sampler.HTTPHCAbstractImpl: Local host = scsbwin-999824 
2015/11/01 01:35:56 INFO  - jmeter.protocol.http.sampler.HTTPHC4Impl: HTTP request retry count = 0 
2015/11/01 01:35:56 INFO  - jmeter.threads.JMeterThread: Thread started: Thread Group 1-2 
2015/11/01 01:35:56 INFO  - jmeter.protocol.http.sampler.HTTPHC4Impl: Setting up HTTPS TrustAll scheme 
2015/11/01 01:35:56 INFO  - jmeter.util.JsseSSLManager: Using default SSL protocol: TLS 
2015/11/01 01:35:56 INFO  - jmeter.util.JsseSSLManager: SSL session context: per-thread 
2015/11/01 01:35:56 INFO  - jmeter.threads.JMeterThread: Thread started: Thread Group 1-3 
2015/11/01 01:35:56 INFO  - jmeter.threads.JMeterThread: Thread started: Thread Group 1-4 
2015/11/01 01:35:57 INFO  - jmeter.threads.JMeterThread: Thread started: Thread Group 1-5 
2015/11/01 01:35:57 INFO  - jmeter.threads.JMeterThread: Thread started: Thread Group 1-6 
2015/11/01 01:35:57 INFO  - jmeter.threads.JMeterThread: Thread started: Thread Group 1-7 
2015/11/01 01:35:57 INFO  - jmeter.threads.JMeterThread: Thread started: Thread Group 1-8 
2015/11/01 01:35:57 INFO  - jmeter.samplers.SampleResult: Note: Sample TimeStamps are START times 
2015/11/01 01:35:57 INFO  - jmeter.samplers.SampleResult: sampleresult.default.encoding is set to ISO-8859-1 
2015/11/01 01:35:57 INFO  - jmeter.samplers.SampleResult: sampleresult.useNanoTime=true 
2015/11/01 01:35:57 INFO  - jmeter.samplers.SampleResult: sampleresult.nanoThreadSleep=5000 
2015/11/01 01:35:57 INFO  - jmeter.threads.JMeterThread: Thread started: Thread Group 1-9 
2015/11/01 01:35:57 INFO  - jmeter.threads.JMeterThread: Thread started: Thread Group 1-10 
2015/11/01 01:35:58 INFO  - jmeter.threads.JMeterThread: Thread started: Thread Group 1-11 
2015/11/01 01:35:58 INFO  - jmeter.threads.JMeterThread: Thread started: Thread Group 1-12 
2015/11/01 01:35:58 INFO  - jmeter.threads.JMeterThread: Thread started: Thread Group 1-13 
2015/11/01 01:35:58 INFO  - jmeter.threads.JMeterThread: Thread started: Thread Group 1-14 
2015/11/01 01:35:58 INFO  - jmeter.threads.JMeterThread: Thread started: Thread Group 1-15 
2015/11/01 01:35:59 INFO  - jmeter.threads.JMeterThread: Thread started: Thread Group 1-16 
2015/11/01 01:35:59 INFO  - jmeter.threads.JMeterThread: Thread started: Thread Group 1-17 
2015/11/01 01:35:59 INFO  - jmeter.threads.JMeterThread: Thread started: Thread Group 1-18 
2015/11/01 01:35:59 INFO  - jmeter.threads.JMeterThread: Thread started: Thread Group 1-19 
2015/11/01 01:35:59 INFO  - jmeter.threads.JMeterThread: Thread started: Thread Group 1-20 
2015/11/01 01:35:59 INFO  - jmeter.threads.JMeterThread: Thread started: Thread Group 1-21 
2015/11/01 01:36:00 INFO  - jmeter.threads.JMeterThread: Thread started: Thread Group 1-22 
2015/11/01 01:36:00 INFO  - jmeter.threads.JMeterThread: Thread started: Thread Group 1-23 
2015/11/01 01:36:00 INFO  - jmeter.threads.JMeterThread: Thread started: Thread Group 1-24 
2015/11/01 01:36:00 INFO  - jmeter.threads.JMeterThread: Thread started: Thread Group 1-25 
2015/11/01 01:36:00 INFO  - jmeter.threads.JMeterThread: Thread started: Thread Group 1-26 
2015/11/01 01:36:00 INFO  - jmeter.threads.JMeterThread: Thread started: Thread Group 1-27 
2015/11/01 01:36:01 INFO  - jmeter.threads.JMeterThread: Thread started: Thread Group 1-28 
2015/11/01 01:36:01 INFO  - jmeter.threads.JMeterThread: Thread started: Thread Group 1-29 
2015/11/01 01:36:01 INFO  - jmeter.threads.JMeterThread: Thread started: Thread Group 1-30 
2015/11/01 01:36:03 INFO  - jmeter.reporters.Summariser: summary +      1 in   7.4s =    0.1/s Avg:  5688 Min:  5688 Max:  5688 Err:     1 (100.00%) Active: 30 Started: 30 Finished: 0 
2015/11/01 01:36:03 INFO  - jmeter.threads.JMeterThread: Thread is done: Thread Group 1-5 
2015/11/01 01:36:03 INFO  - jmeter.threads.JMeterThread: Thread finished: Thread Group 1-5 
2015/11/01 01:36:04 INFO  - jmeter.threads.JMeterThread: Thread is done: Thread Group 1-2 
2015/11/01 01:36:04 INFO  - jmeter.threads.JMeterThread: Thread finished: Thread Group 1-2 
2015/11/01 01:36:05 INFO  - jmeter.threads.JMeterThread: Thread is done: Thread Group 1-3 
2015/11/01 01:36:05 INFO  - jmeter.threads.JMeterThread: Thread finished: Thread Group 1-3 
2015/11/01 01:36:05 INFO  - jmeter.threads.JMeterThread: Thread is done: Thread Group 1-10 
2015/11/01 01:36:05 INFO  - jmeter.threads.JMeterThread: Thread finished: Thread Group 1-10 
2015/11/01 01:36:05 INFO  - jmeter.threads.JMeterThread: Thread is done: Thread Group 1-11 
2015/11/01 01:36:05 INFO  - jmeter.threads.JMeterThread: Thread finished: Thread Group 1-11 
2015/11/01 01:36:05 INFO  - jmeter.threads.JMeterThread: Thread is done: Thread Group 1-1 
2015/11/01 01:36:05 INFO  - jmeter.threads.JMeterThread: Thread finished: Thread Group 1-1 
2015/11/01 01:36:06 INFO  - jmeter.threads.JMeterThread: Thread is done: Thread Group 1-4 
2015/11/01 01:36:06 INFO  - jmeter.threads.JMeterThread: Thread finished: Thread Group 1-4 
2015/11/01 01:36:06 INFO  - jmeter.threads.JMeterThread: Thread is done: Thread Group 1-7 
2015/11/01 01:36:06 INFO  - jmeter.threads.JMeterThread: Thread is done: Thread Group 1-9 
2015/11/01 01:36:06 INFO  - jmeter.threads.JMeterThread: Thread finished: Thread Group 1-7 
2015/11/01 01:36:06 INFO  - jmeter.threads.JMeterThread: Thread finished: Thread Group 1-9 
2015/11/01 01:36:06 INFO  - jmeter.threads.JMeterThread: Thread is done: Thread Group 1-8 
2015/11/01 01:36:06 INFO  - jmeter.threads.JMeterThread: Thread finished: Thread Group 1-8 
2015/11/01 01:36:06 INFO  - jmeter.threads.JMeterThread: Thread is done: Thread Group 1-6 
2015/11/01 01:36:06 INFO  - jmeter.threads.JMeterThread: Thread finished: Thread Group 1-6 
2015/11/01 01:36:07 INFO  - jmeter.threads.JMeterThread: Thread is done: Thread Group 1-12 
2015/11/01 01:36:07 INFO  - jmeter.threads.JMeterThread: Thread finished: Thread Group 1-12 
2015/11/01 01:36:07 INFO  - jmeter.threads.JMeterThread: Thread is done: Thread Group 1-14 
2015/11/01 01:36:07 INFO  - jmeter.threads.JMeterThread: Thread finished: Thread Group 1-14 
2015/11/01 01:36:07 INFO  - jmeter.threads.JMeterThread: Thread is done: Thread Group 1-13 
2015/11/01 01:36:07 INFO  - jmeter.threads.JMeterThread: Thread finished: Thread Group 1-13 
2015/11/01 01:36:07 INFO  - jmeter.threads.JMeterThread: Thread is done: Thread Group 1-17 
2015/11/01 01:36:07 INFO  - jmeter.threads.JMeterThread: Thread finished: Thread Group 1-17 
2015/11/01 01:36:07 INFO  - jmeter.threads.JMeterThread: Thread is done: Thread Group 1-15 
2015/11/01 01:36:07 INFO  - jmeter.threads.JMeterThread: Thread finished: Thread Group 1-15 
2015/11/01 01:36:07 INFO  - jmeter.threads.JMeterThread: Thread is done: Thread Group 1-16 
2015/11/01 01:36:07 INFO  - jmeter.threads.JMeterThread: Thread finished: Thread Group 1-16 
2015/11/01 01:36:07 INFO  - jmeter.threads.JMeterThread: Thread is done: Thread Group 1-19 
2015/11/01 01:36:07 INFO  - jmeter.threads.JMeterThread: Thread finished: Thread Group 1-19 
2015/11/01 01:36:07 INFO  - jmeter.threads.JMeterThread: Thread is done: Thread Group 1-21 
2015/11/01 01:36:07 INFO  - jmeter.threads.JMeterThread: Thread finished: Thread Group 1-21 
2015/11/01 01:36:07 INFO  - jmeter.threads.JMeterThread: Thread is done: Thread Group 1-26 
2015/11/01 01:36:07 INFO  - jmeter.threads.JMeterThread: Thread finished: Thread Group 1-26 
2015/11/01 01:36:07 INFO  - jmeter.threads.JMeterThread: Thread is done: Thread Group 1-27 
2015/11/01 01:36:07 INFO  - jmeter.threads.JMeterThread: Thread finished: Thread Group 1-27 
2015/11/01 01:36:07 INFO  - jmeter.threads.JMeterThread: Thread is done: Thread Group 1-29 
2015/11/01 01:36:07 INFO  - jmeter.threads.JMeterThread: Thread finished: Thread Group 1-29 
2015/11/01 01:36:07 INFO  - jmeter.threads.JMeterThread: Thread is done: Thread Group 1-25 
2015/11/01 01:36:07 INFO  - jmeter.threads.JMeterThread: Thread finished: Thread Group 1-25 
2015/11/01 01:36:07 INFO  - jmeter.threads.JMeterThread: Thread is done: Thread Group 1-20 
2015/11/01 01:36:07 INFO  - jmeter.threads.JMeterThread: Thread finished: Thread Group 1-20 
2015/11/01 01:36:07 INFO  - jmeter.threads.JMeterThread: Thread is done: Thread Group 1-28 
2015/11/01 01:36:07 INFO  - jmeter.threads.JMeterThread: Thread finished: Thread Group 1-28 
2015/11/01 01:36:07 INFO  - jmeter.threads.JMeterThread: Thread is done: Thread Group 1-22 
2015/11/01 01:36:07 INFO  - jmeter.threads.JMeterThread: Thread finished: Thread Group 1-22 
2015/11/01 01:36:07 INFO  - jmeter.threads.JMeterThread: Thread is done: Thread Group 1-24 
2015/11/01 01:36:07 INFO  - jmeter.threads.JMeterThread: Thread finished: Thread Group 1-24 
2015/11/01 01:36:07 INFO  - jmeter.threads.JMeterThread: Thread is done: Thread Group 1-23 
2015/11/01 01:36:07 INFO  - jmeter.threads.JMeterThread: Thread finished: Thread Group 1-23 
2015/11/01 01:36:07 INFO  - jmeter.threads.JMeterThread: Thread is done: Thread Group 1-30 
2015/11/01 01:36:07 INFO  - jmeter.threads.JMeterThread: Thread finished: Thread Group 1-30 
2015/11/01 01:36:07 INFO  - jmeter.threads.JMeterThread: Thread is done: Thread Group 1-18 
2015/11/01 01:36:07 INFO  - jmeter.threads.JMeterThread: Thread finished: Thread Group 1-18 
2015/11/01 01:36:07 INFO  - jmeter.engine.StandardJMeterEngine: Notifying test listeners of end of test 
2015/11/01 01:36:07 INFO  - jmeter.reporters.Summariser: summary +     29 in     4s =    7.7/s Avg:  7726 Min:  6053 Max:  9019 Err:    29 (100.00%) Active: 0 Started: 30 Finished: 30 
2015/11/01 01:36:07 INFO  - jmeter.reporters.Summariser: summary =     30 in  11.2s =    2.7/s Avg:  7658 Min:  5688 Max:  9019 Err:    30 (100.00%) 
